{"D:\\Exercise\\ShiXun\\CloudBrain\\admin\\frontend\\src\\App.vue": {"path":"D:\\Exercise\\ShiXun\\CloudBrain\\admin\\frontend\\src\\App.vue","statementMap":{"0":{"start":{"line":2,"column":2},"end":{"line":2,"column":null}}},"fnMap":{},"branchMap":{},"s":{"0":1},"f":{},"b":{},"meta":{"lastBranch":0,"lastFunction":0,"lastStatement":0,"seen":{},"fnNames":{}}}
,"D:\\Exercise\\ShiXun\\CloudBrain\\admin\\frontend\\src\\api\\auth.js": {"path":"D:\\Exercise\\ShiXun\\CloudBrain\\admin\\frontend\\src\\api\\auth.js","statementMap":{"0":{"start":{"line":4,"column":2},"end":{"line":8,"column":4}},"1":{"start":{"line":12,"column":2},"end":{"line":15,"column":4}}},"fnMap":{"0":{"name":"login","decl":{"start":{"line":3,"column":16},"end":{"line":3,"column":21}},"loc":{"start":{"line":3,"column":28},"end":{"line":9,"column":1}},"line":3},"1":{"name":"getAdminInfo","decl":{"start":{"line":11,"column":16},"end":{"line":11,"column":28}},"loc":{"start":{"line":11,"column":31},"end":{"line":16,"column":null}},"line":11}},"branchMap":{},"s":{"0":1,"1":1},"f":{"0":1,"1":1},"b":{},"meta":{"lastBranch":0,"lastFunction":2,"lastStatement":2,"seen":{"f:3:16:3:21":0,"s:4:2:8:4":0,"f:11:16:11:28":1,"s:12:2:15:4":1},"fnNames":{}}}
,"D:\\Exercise\\ShiXun\\CloudBrain\\admin\\frontend\\src\\api\\department.js": {"path":"D:\\Exercise\\ShiXun\\CloudBrain\\admin\\frontend\\src\\api\\department.js","statementMap":{"0":{"start":{"line":3,"column":13},"end":{"line":3,"column":32}},"1":{"start":{"line":6,"column":2},"end":{"line":10,"column":4}},"2":{"start":{"line":14,"column":2},"end":{"line":17,"column":4}},"3":{"start":{"line":21,"column":2},"end":{"line":24,"column":4}},"4":{"start":{"line":28,"column":2},"end":{"line":32,"column":4}},"5":{"start":{"line":36,"column":2},"end":{"line":40,"column":4}},"6":{"start":{"line":44,"column":2},"end":{"line":47,"column":4}},"7":{"start":{"line":51,"column":2},"end":{"line":54,"column":4}}},"fnMap":{"0":{"name":"listDepartments","decl":{"start":{"line":5,"column":16},"end":{"line":5,"column":31}},"loc":{"start":{"line":5,"column":49},"end":{"line":11,"column":1}},"line":5},"1":{"name":"getDepartmentTree","decl":{"start":{"line":13,"column":16},"end":{"line":13,"column":33}},"loc":{"start":{"line":13,"column":36},"end":{"line":18,"column":1}},"line":13},"2":{"name":"getDepartmentDetail","decl":{"start":{"line":20,"column":16},"end":{"line":20,"column":35}},"loc":{"start":{"line":20,"column":40},"end":{"line":25,"column":1}},"line":20},"3":{"name":"createDepartment","decl":{"start":{"line":27,"column":16},"end":{"line":27,"column":32}},"loc":{"start":{"line":27,"column":39},"end":{"line":33,"column":1}},"line":27},"4":{"name":"updateDepartment","decl":{"start":{"line":35,"column":16},"end":{"line":35,"column":32}},"loc":{"start":{"line":35,"column":43},"end":{"line":41,"column":1}},"line":35},"5":{"name":"toggleDepartmentStatus","decl":{"start":{"line":43,"column":16},"end":{"line":43,"column":38}},"loc":{"start":{"line":43,"column":43},"end":{"line":48,"column":1}},"line":43},"6":{"name":"deleteDepartment","decl":{"start":{"line":50,"column":16},"end":{"line":50,"column":32}},"loc":{"start":{"line":50,"column":37},"end":{"line":55,"column":null}},"line":50}},"branchMap":{},"s":{"0":2,"1":1,"2":1,"3":1,"4":1,"5":1,"6":1,"7":1},"f":{"0":1,"1":1,"2":1,"3":1,"4":1,"5":1,"6":1},"b":{},"meta":{"lastBranch":0,"lastFunction":7,"lastStatement":8,"seen":{"s:3:13:3:32":0,"f:5:16:5:31":0,"s:6:2:10:4":1,"f:13:16:13:33":1,"s:14:2:17:4":2,"f:20:16:20:35":2,"s:21:2:24:4":3,"f:27:16:27:32":3,"s:28:2:32:4":4,"f:35:16:35:32":4,"s:36:2:40:4":5,"f:43:16:43:38":5,"s:44:2:47:4":6,"f:50:16:50:32":6,"s:51:2:54:4":7},"fnNames":{}}}
,"D:\\Exercise\\ShiXun\\CloudBrain\\admin\\frontend\\src\\api\\doctor.js": {"path":"D:\\Exercise\\ShiXun\\CloudBrain\\admin\\frontend\\src\\api\\doctor.js","statementMap":{"0":{"start":{"line":4,"column":2},"end":{"line":4,"column":70}},"1":{"start":{"line":8,"column":2},"end":{"line":8,"column":82}},"2":{"start":{"line":12,"column":2},"end":{"line":12,"column":90}},"3":{"start":{"line":16,"column":2},"end":{"line":16,"column":64}},"4":{"start":{"line":20,"column":2},"end":{"line":20,"column":69}},"5":{"start":{"line":24,"column":2},"end":{"line":24,"column":129}},"6":{"start":{"line":28,"column":2},"end":{"line":28,"column":66}},"7":{"start":{"line":32,"column":2},"end":{"line":32,"column":61}},"8":{"start":{"line":36,"column":2},"end":{"line":36,"column":63}}},"fnMap":{"0":{"name":"listDoctors","decl":{"start":{"line":3,"column":16},"end":{"line":3,"column":27}},"loc":{"start":{"line":3,"column":36},"end":{"line":5,"column":1}},"line":3},"1":{"name":"checkDoctorDisable","decl":{"start":{"line":7,"column":16},"end":{"line":7,"column":34}},"loc":{"start":{"line":7,"column":39},"end":{"line":9,"column":1}},"line":7},"2":{"name":"exportDoctors","decl":{"start":{"line":11,"column":16},"end":{"line":11,"column":29}},"loc":{"start":{"line":11,"column":44},"end":{"line":13,"column":1}},"line":11},"3":{"name":"createDoctor","decl":{"start":{"line":15,"column":16},"end":{"line":15,"column":28}},"loc":{"start":{"line":15,"column":35},"end":{"line":17,"column":1}},"line":15},"4":{"name":"updateDoctor","decl":{"start":{"line":19,"column":16},"end":{"line":19,"column":28}},"loc":{"start":{"line":19,"column":39},"end":{"line":21,"column":1}},"line":19},"5":{"name":"toggleDoctorStatus","decl":{"start":{"line":23,"column":16},"end":{"line":23,"column":34}},"loc":{"start":{"line":23,"column":46},"end":{"line":25,"column":1}},"line":23},"6":{"name":"deleteDoctor","decl":{"start":{"line":27,"column":16},"end":{"line":27,"column":28}},"loc":{"start":{"line":27,"column":33},"end":{"line":29,"column":1}},"line":27},"7":{"name":"listDepartments","decl":{"start":{"line":31,"column":16},"end":{"line":31,"column":31}},"loc":{"start":{"line":31,"column":34},"end":{"line":33,"column":1}},"line":31},"8":{"name":"listDoctorRoles","decl":{"start":{"line":35,"column":16},"end":{"line":35,"column":31}},"loc":{"start":{"line":35,"column":34},"end":{"line":37,"column":null}},"line":35}},"branchMap":{"0":{"loc":{"start":{"line":24,"column":100},"end":{"line":24,"column":124}},"type":"cond-expr","locations":[{"start":{"line":24,"column":108},"end":{"line":24,"column":114}},{"start":{"line":24,"column":117},"end":{"line":24,"column":124}}],"line":24}},"s":{"0":1,"1":1,"2":1,"3":1,"4":1,"5":2,"6":1,"7":1,"8":1},"f":{"0":1,"1":1,"2":1,"3":1,"4":1,"5":2,"6":1,"7":1,"8":1},"b":{"0":[1,1]},"meta":{"lastBranch":1,"lastFunction":9,"lastStatement":9,"seen":{"f:3:16:3:27":0,"s:4:2:4:70":0,"f:7:16:7:34":1,"s:8:2:8:82":1,"f:11:16:11:29":2,"s:12:2:12:90":2,"f:15:16:15:28":3,"s:16:2:16:64":3,"f:19:16:19:28":4,"s:20:2:20:69":4,"f:23:16:23:34":5,"s:24:2:24:129":5,"b:24:108:24:114:24:117:24:124":0,"f:27:16:27:28":6,"s:28:2:28:66":6,"f:31:16:31:31":7,"s:32:2:32:61":7,"f:35:16:35:31":8,"s:36:2:36:63":8},"fnNames":{}}}
,"D:\\Exercise\\ShiXun\\CloudBrain\\admin\\frontend\\src\\api\\role.js": {"path":"D:\\Exercise\\ShiXun\\CloudBrain\\admin\\frontend\\src\\api\\role.js","statementMap":{"0":{"start":{"line":4,"column":2},"end":{"line":4,"column":56}},"1":{"start":{"line":8,"column":2},"end":{"line":8,"column":62}},"2":{"start":{"line":12,"column":2},"end":{"line":12,"column":63}},"3":{"start":{"line":16,"column":2},"end":{"line":16,"column":68}},"4":{"start":{"line":20,"column":2},"end":{"line":20,"column":65}},"5":{"start":{"line":24,"column":2},"end":{"line":24,"column":78}}},"fnMap":{"0":{"name":"listRoles","decl":{"start":{"line":3,"column":16},"end":{"line":3,"column":25}},"loc":{"start":{"line":3,"column":28},"end":{"line":5,"column":1}},"line":3},"1":{"name":"getRoleDetail","decl":{"start":{"line":7,"column":16},"end":{"line":7,"column":29}},"loc":{"start":{"line":7,"column":34},"end":{"line":9,"column":1}},"line":7},"2":{"name":"createRole","decl":{"start":{"line":11,"column":16},"end":{"line":11,"column":26}},"loc":{"start":{"line":11,"column":33},"end":{"line":13,"column":1}},"line":11},"3":{"name":"updateRole","decl":{"start":{"line":15,"column":16},"end":{"line":15,"column":26}},"loc":{"start":{"line":15,"column":37},"end":{"line":17,"column":1}},"line":15},"4":{"name":"deleteRole","decl":{"start":{"line":19,"column":16},"end":{"line":19,"column":26}},"loc":{"start":{"line":19,"column":31},"end":{"line":21,"column":1}},"line":19},"5":{"name":"toggleRoleStatus","decl":{"start":{"line":23,"column":16},"end":{"line":23,"column":32}},"loc":{"start":{"line":23,"column":37},"end":{"line":25,"column":null}},"line":23}},"branchMap":{},"s":{"0":1,"1":1,"2":1,"3":1,"4":1,"5":1},"f":{"0":1,"1":1,"2":1,"3":1,"4":1,"5":1},"b":{},"meta":{"lastBranch":0,"lastFunction":6,"lastStatement":6,"seen":{"f:3:16:3:25":0,"s:4:2:4:56":0,"f:7:16:7:29":1,"s:8:2:8:62":1,"f:11:16:11:26":2,"s:12:2:12:63":2,"f:15:16:15:26":3,"s:16:2:16:68":3,"f:19:16:19:26":4,"s:20:2:20:65":4,"f:23:16:23:32":5,"s:24:2:24:78":5},"fnNames":{}}}
,"D:\\Exercise\\ShiXun\\CloudBrain\\admin\\frontend\\src\\api\\schedule.js": {"path":"D:\\Exercise\\ShiXun\\CloudBrain\\admin\\frontend\\src\\api\\schedule.js","statementMap":{"0":{"start":{"line":5,"column":2},"end":{"line":8,"column":4}},"1":{"start":{"line":13,"column":2},"end":{"line":17,"column":4}},"2":{"start":{"line":22,"column":2},"end":{"line":26,"column":4}},"3":{"start":{"line":31,"column":2},"end":{"line":34,"column":4}},"4":{"start":{"line":39,"column":2},"end":{"line":42,"column":4}},"5":{"start":{"line":47,"column":2},"end":{"line":51,"column":4}},"6":{"start":{"line":56,"column":2},"end":{"line":60,"column":4}},"7":{"start":{"line":65,"column":2},"end":{"line":69,"column":4}},"8":{"start":{"line":74,"column":2},"end":{"line":77,"column":4}},"9":{"start":{"line":82,"column":2},"end":{"line":86,"column":4}},"10":{"start":{"line":90,"column":2},"end":{"line":93,"column":4}},"11":{"start":{"line":97,"column":2},"end":{"line":100,"column":4}},"12":{"start":{"line":104,"column":2},"end":{"line":112,"column":4}},"13":{"start":{"line":116,"column":2},"end":{"line":120,"column":4}}},"fnMap":{"0":{"name":"listDepartments","decl":{"start":{"line":4,"column":16},"end":{"line":4,"column":31}},"loc":{"start":{"line":4,"column":34},"end":{"line":9,"column":1}},"line":4},"1":{"name":"listDoctors","decl":{"start":{"line":12,"column":16},"end":{"line":12,"column":27}},"loc":{"start":{"line":12,"column":42},"end":{"line":18,"column":1}},"line":12},"2":{"name":"listSchedules","decl":{"start":{"line":21,"column":16},"end":{"line":21,"column":29}},"loc":{"start":{"line":21,"column":38},"end":{"line":27,"column":1}},"line":21},"3":{"name":"getScheduleDetail","decl":{"start":{"line":30,"column":16},"end":{"line":30,"column":33}},"loc":{"start":{"line":30,"column":38},"end":{"line":35,"column":1}},"line":30},"4":{"name":"listScheduleRegistrations","decl":{"start":{"line":38,"column":16},"end":{"line":38,"column":41}},"loc":{"start":{"line":38,"column":46},"end":{"line":43,"column":1}},"line":38},"5":{"name":"createSchedule","decl":{"start":{"line":46,"column":16},"end":{"line":46,"column":30}},"loc":{"start":{"line":46,"column":37},"end":{"line":52,"column":1}},"line":46},"6":{"name":"batchCreateSchedule","decl":{"start":{"line":55,"column":16},"end":{"line":55,"column":35}},"loc":{"start":{"line":55,"column":42},"end":{"line":61,"column":1}},"line":55},"7":{"name":"updateSchedule","decl":{"start":{"line":64,"column":16},"end":{"line":64,"column":30}},"loc":{"start":{"line":64,"column":41},"end":{"line":70,"column":1}},"line":64},"8":{"name":"cancelSchedule","decl":{"start":{"line":73,"column":16},"end":{"line":73,"column":30}},"loc":{"start":{"line":73,"column":35},"end":{"line":78,"column":1}},"line":73},"9":{"name":"generateScheduleSuggestion","decl":{"start":{"line":81,"column":16},"end":{"line":81,"column":42}},"loc":{"start":{"line":81,"column":49},"end":{"line":87,"column":1}},"line":81},"10":{"name":"acceptSuggestion","decl":{"start":{"line":89,"column":16},"end":{"line":89,"column":32}},"loc":{"start":{"line":89,"column":47},"end":{"line":94,"column":1}},"line":89},"11":{"name":"rejectSuggestion","decl":{"start":{"line":96,"column":16},"end":{"line":96,"column":32}},"loc":{"start":{"line":96,"column":47},"end":{"line":101,"column":1}},"line":96},"12":{"name":"acceptSuggestionDetail","decl":{"start":{"line":103,"column":16},"end":{"line":103,"column":38}},"loc":{"start":{"line":103,"column":63},"end":{"line":113,"column":1}},"line":103},"13":{"name":"rejectSuggestionDetail","decl":{"start":{"line":115,"column":16},"end":{"line":115,"column":38}},"loc":{"start":{"line":115,"column":63},"end":{"line":121,"column":null}},"line":115}},"branchMap":{},"s":{"0":1,"1":1,"2":1,"3":1,"4":1,"5":1,"6":1,"7":1,"8":1,"9":1,"10":1,"11":1,"12":1,"13":1},"f":{"0":1,"1":1,"2":1,"3":1,"4":1,"5":1,"6":1,"7":1,"8":1,"9":1,"10":1,"11":1,"12":1,"13":1},"b":{},"meta":{"lastBranch":0,"lastFunction":14,"lastStatement":14,"seen":{"f:4:16:4:31":0,"s:5:2:8:4":0,"f:12:16:12:27":1,"s:13:2:17:4":1,"f:21:16:21:29":2,"s:22:2:26:4":2,"f:30:16:30:33":3,"s:31:2:34:4":3,"f:38:16:38:41":4,"s:39:2:42:4":4,"f:46:16:46:30":5,"s:47:2:51:4":5,"f:55:16:55:35":6,"s:56:2:60:4":6,"f:64:16:64:30":7,"s:65:2:69:4":7,"f:73:16:73:30":8,"s:74:2:77:4":8,"f:81:16:81:42":9,"s:82:2:86:4":9,"f:89:16:89:32":10,"s:90:2:93:4":10,"f:96:16:96:32":11,"s:97:2:100:4":11,"f:103:16:103:38":12,"s:104:2:112:4":12,"f:115:16:115:38":13,"s:116:2:120:4":13},"fnNames":{}}}
,"D:\\Exercise\\ShiXun\\CloudBrain\\admin\\frontend\\src\\router\\index.js": {"path":"D:\\Exercise\\ShiXun\\CloudBrain\\admin\\frontend\\src\\router\\index.js","statementMap":{"0":{"start":{"line":3,"column":15},"end":{"line":47,"column":1}},"1":{"start":{"line":7,"column":21},"end":{"line":7,"column":null}},"2":{"start":{"line":12,"column":21},"end":{"line":12,"column":null}},"3":{"start":{"line":18,"column":25},"end":{"line":18,"column":null}},"4":{"start":{"line":24,"column":25},"end":{"line":24,"column":null}},"5":{"start":{"line":30,"column":25},"end":{"line":30,"column":null}},"6":{"start":{"line":36,"column":25},"end":{"line":36,"column":null}},"7":{"start":{"line":42,"column":25},"end":{"line":42,"column":null}},"8":{"start":{"line":49,"column":14},"end":{"line":52,"column":null}},"9":{"start":{"line":55,"column":2},"end":{"line":55,"column":null}},"10":{"start":{"line":59,"column":2},"end":{"line":63,"column":3}},"11":{"start":{"line":60,"column":4},"end":{"line":60,"column":48}},"12":{"start":{"line":62,"column":4},"end":{"line":62,"column":16}},"13":{"start":{"line":66,"column":0},"end":{"line":80,"column":2}},"14":{"start":{"line":67,"column":16},"end":{"line":67,"column":30}},"15":{"start":{"line":68,"column":2},"end":{"line":68,"column":60}},"16":{"start":{"line":70,"column":2},"end":{"line":73,"column":3}},"17":{"start":{"line":71,"column":4},"end":{"line":71,"column":61}},"18":{"start":{"line":72,"column":4},"end":{"line":72,"column":10}},"19":{"start":{"line":74,"column":2},"end":{"line":77,"column":3}},"20":{"start":{"line":75,"column":4},"end":{"line":75,"column":23}},"21":{"start":{"line":76,"column":4},"end":{"line":76,"column":10}},"22":{"start":{"line":79,"column":2},"end":{"line":79,"column":8}}},"fnMap":{"0":{"name":"(anonymous_0)","decl":{"start":{"line":7,"column":15},"end":{"line":7,"column":16}},"loc":{"start":{"line":7,"column":21},"end":{"line":7,"column":null}},"line":7},"1":{"name":"(anonymous_1)","decl":{"start":{"line":12,"column":15},"end":{"line":12,"column":16}},"loc":{"start":{"line":12,"column":21},"end":{"line":12,"column":null}},"line":12},"2":{"name":"(anonymous_2)","decl":{"start":{"line":18,"column":19},"end":{"line":18,"column":20}},"loc":{"start":{"line":18,"column":25},"end":{"line":18,"column":null}},"line":18},"3":{"name":"(anonymous_3)","decl":{"start":{"line":24,"column":19},"end":{"line":24,"column":20}},"loc":{"start":{"line":24,"column":25},"end":{"line":24,"column":null}},"line":24},"4":{"name":"(anonymous_4)","decl":{"start":{"line":30,"column":19},"end":{"line":30,"column":20}},"loc":{"start":{"line":30,"column":25},"end":{"line":30,"column":null}},"line":30},"5":{"name":"(anonymous_5)","decl":{"start":{"line":36,"column":19},"end":{"line":36,"column":20}},"loc":{"start":{"line":36,"column":25},"end":{"line":36,"column":null}},"line":36},"6":{"name":"(anonymous_6)","decl":{"start":{"line":42,"column":19},"end":{"line":42,"column":20}},"loc":{"start":{"line":42,"column":25},"end":{"line":42,"column":null}},"line":42},"7":{"name":"createAppHistory","decl":{"start":{"line":54,"column":16},"end":{"line":54,"column":32}},"loc":{"start":{"line":54,"column":62},"end":{"line":56,"column":null}},"line":54},"8":{"name":"hasToken","decl":{"start":{"line":58,"column":9},"end":{"line":58,"column":17}},"loc":{"start":{"line":58,"column":20},"end":{"line":64,"column":1}},"line":58},"9":{"name":"(anonymous_9)","decl":{"start":{"line":66,"column":18},"end":{"line":66,"column":19}},"loc":{"start":{"line":66,"column":38},"end":{"line":80,"column":1}},"line":66}},"branchMap":{"0":{"loc":{"start":{"line":54,"column":33},"end":{"line":54,"column":60}},"type":"default-arg","locations":[{"start":{"line":54,"column":40},"end":{"line":54,"column":60}}],"line":54},"1":{"loc":{"start":{"line":55,"column":9},"end":{"line":55,"column":null}},"type":"cond-expr","locations":[{"start":{"line":55,"column":26},"end":{"line":55,"column":48}},{"start":{"line":55,"column":50},"end":{"line":55,"column":null}}],"line":55},"2":{"loc":{"start":{"line":68,"column":20},"end":{"line":68,"column":46}},"type":"cond-expr","locations":[{"start":{"line":68,"column":28},"end":{"line":68,"column":41}},{"start":{"line":68,"column":44},"end":{"line":68,"column":46}}],"line":68},"3":{"loc":{"start":{"line":70,"column":2},"end":{"line":73,"column":3}},"type":"if","locations":[{"start":{"line":70,"column":2},"end":{"line":73,"column":3}},{"start":{},"end":{}}],"line":70},"4":{"loc":{"start":{"line":70,"column":6},"end":{"line":70,"column":42}},"type":"binary-expr","locations":[{"start":{"line":70,"column":6},"end":{"line":70,"column":27}},{"start":{"line":70,"column":31},"end":{"line":70,"column":42}}],"line":70},"5":{"loc":{"start":{"line":74,"column":2},"end":{"line":77,"column":3}},"type":"if","locations":[{"start":{"line":74,"column":2},"end":{"line":77,"column":3}},{"start":{},"end":{}}],"line":74},"6":{"loc":{"start":{"line":74,"column":6},"end":{"line":74,"column":39}},"type":"binary-expr","locations":[{"start":{"line":74,"column":6},"end":{"line":74,"column":25}},{"start":{"line":74,"column":29},"end":{"line":74,"column":39}}],"line":74}},"s":{"0":1,"1":1,"2":1,"3":1,"4":1,"5":1,"6":1,"7":1,"8":1,"9":3,"10":11,"11":11,"12":2,"13":1,"14":11,"15":11,"16":11,"17":2,"18":2,"19":9,"20":1,"21":1,"22":8},"f":{"0":1,"1":1,"2":1,"3":1,"4":1,"5":1,"6":1,"7":3,"8":11,"9":11},"b":{"0":[3],"1":[2,1],"2":[11,0],"3":[2,9],"4":[11,7],"5":[1,8],"6":[9,4]},"meta":{"lastBranch":7,"lastFunction":10,"lastStatement":23,"seen":{"s:3:15:47:1":0,"f:7:15:7:16":0,"s:7:21:7:Infinity":1,"f:12:15:12:16":1,"s:12:21:12:Infinity":2,"f:18:19:18:20":2,"s:18:25:18:Infinity":3,"f:24:19:24:20":3,"s:24:25:24:Infinity":4,"f:30:19:30:20":4,"s:30:25:30:Infinity":5,"f:36:19:36:20":5,"s:36:25:36:Infinity":6,"f:42:19:42:20":6,"s:42:25:42:Infinity":7,"s:49:14:52:Infinity":8,"f:54:16:54:32":7,"b:54:40:54:60":0,"s:55:2:55:Infinity":9,"b:55:26:55:48:55:50:55:Infinity":1,"f:58:9:58:17":8,"s:59:2:63:3":10,"s:60:4:60:48":11,"s:62:4:62:16":12,"s:66:0:80:2":13,"f:66:18:66:19":9,"s:67:16:67:30":14,"s:68:2:68:60":15,"b:68:28:68:41:68:44:68:46":2,"b:70:2:73:3:undefined:undefined:undefined:undefined":3,"s:70:2:73:3":16,"b:70:6:70:27:70:31:70:42":4,"s:71:4:71:61":17,"s:72:4:72:10":18,"b:74:2:77:3:undefined:undefined:undefined:undefined":5,"s:74:2:77:3":19,"b:74:6:74:25:74:29:74:39":6,"s:75:4:75:23":20,"s:76:4:76:10":21,"s:79:2:79:8":22},"fnNames":{}}}
,"D:\\Exercise\\ShiXun\\CloudBrain\\admin\\frontend\\src\\stores\\user.js": {"path":"D:\\Exercise\\ShiXun\\CloudBrain\\admin\\frontend\\src\\stores\\user.js","statementMap":{"0":{"start":{"line":4,"column":18},"end":{"line":4,"column":31}},"1":{"start":{"line":5,"column":17},"end":{"line":5,"column":29}},"2":{"start":{"line":8,"column":2},"end":{"line":12,"column":3}},"3":{"start":{"line":9,"column":4},"end":{"line":9,"column":48}},"4":{"start":{"line":11,"column":4},"end":{"line":11,"column":13}},"5":{"start":{"line":16,"column":2},"end":{"line":21,"column":3}},"6":{"start":{"line":17,"column":16},"end":{"line":17,"column":46}},"7":{"start":{"line":18,"column":4},"end":{"line":18,"column":39}},"8":{"start":{"line":20,"column":4},"end":{"line":20,"column":15}},"9":{"start":{"line":24,"column":27},"end":{"line":82,"column":null}},"10":{"start":{"line":25,"column":16},"end":{"line":28,"column":3}},"11":{"start":{"line":30,"column":27},"end":{"line":30,"column":40}},"12":{"start":{"line":31,"column":25},"end":{"line":31,"column":55}},"13":{"start":{"line":32,"column":25},"end":{"line":32,"column":55}},"14":{"start":{"line":33,"column":25},"end":{"line":33,"column":55}},"15":{"start":{"line":34,"column":25},"end":{"line":34,"column":55}},"16":{"start":{"line":38,"column":19},"end":{"line":38,"column":54}},"17":{"start":{"line":39,"column":6},"end":{"line":39,"column":35}},"18":{"start":{"line":40,"column":6},"end":{"line":46,"column":7}},"19":{"start":{"line":47,"column":6},"end":{"line":52,"column":7}},"20":{"start":{"line":48,"column":8},"end":{"line":48,"column":51}},"21":{"start":{"line":49,"column":8},"end":{"line":49,"column":69}},"22":{"start":{"line":53,"column":6},"end":{"line":53,"column":26}},"23":{"start":{"line":56,"column":19},"end":{"line":56,"column":39}},"24":{"start":{"line":57,"column":6},"end":{"line":63,"column":7}},"25":{"start":{"line":64,"column":6},"end":{"line":68,"column":7}},"26":{"start":{"line":65,"column":8},"end":{"line":65,"column":69}},"27":{"start":{"line":69,"column":6},"end":{"line":69,"column":26}},"28":{"start":{"line":72,"column":6},"end":{"line":72,"column":21}},"29":{"start":{"line":73,"column":6},"end":{"line":73,"column":26}},"30":{"start":{"line":74,"column":6},"end":{"line":79,"column":7}},"31":{"start":{"line":75,"column":8},"end":{"line":75,"column":42}},"32":{"start":{"line":76,"column":8},"end":{"line":76,"column":41}}},"fnMap":{"0":{"name":"readToken","decl":{"start":{"line":7,"column":9},"end":{"line":7,"column":18}},"loc":{"start":{"line":7,"column":21},"end":{"line":13,"column":1}},"line":7},"1":{"name":"readUser","decl":{"start":{"line":15,"column":9},"end":{"line":15,"column":17}},"loc":{"start":{"line":15,"column":20},"end":{"line":22,"column":1}},"line":15},"2":{"name":"(anonymous_2)","decl":{"start":{"line":25,"column":9},"end":{"line":25,"column":10}},"loc":{"start":{"line":25,"column":16},"end":{"line":28,"column":3}},"line":25},"3":{"name":"(anonymous_3)","decl":{"start":{"line":30,"column":16},"end":{"line":30,"column":17}},"loc":{"start":{"line":30,"column":27},"end":{"line":30,"column":40}},"line":30},"4":{"name":"(anonymous_4)","decl":{"start":{"line":31,"column":14},"end":{"line":31,"column":15}},"loc":{"start":{"line":31,"column":25},"end":{"line":31,"column":55}},"line":31},"5":{"name":"(anonymous_5)","decl":{"start":{"line":32,"column":14},"end":{"line":32,"column":15}},"loc":{"start":{"line":32,"column":25},"end":{"line":32,"column":55}},"line":32},"6":{"name":"(anonymous_6)","decl":{"start":{"line":33,"column":14},"end":{"line":33,"column":15}},"loc":{"start":{"line":33,"column":25},"end":{"line":33,"column":55}},"line":33},"7":{"name":"(anonymous_7)","decl":{"start":{"line":34,"column":14},"end":{"line":34,"column":15}},"loc":{"start":{"line":34,"column":25},"end":{"line":34,"column":55}},"line":34},"8":{"name":"login","decl":{"start":{"line":37,"column":10},"end":{"line":37,"column":15}},"loc":{"start":{"line":37,"column":40},"end":{"line":54,"column":5}},"line":37},"9":{"name":"fetchInfo","decl":{"start":{"line":55,"column":10},"end":{"line":55,"column":19}},"loc":{"start":{"line":55,"column":22},"end":{"line":70,"column":5}},"line":55},"10":{"name":"logout","decl":{"start":{"line":71,"column":4},"end":{"line":71,"column":10}},"loc":{"start":{"line":71,"column":13},"end":{"line":80,"column":5}},"line":71}},"branchMap":{"0":{"loc":{"start":{"line":9,"column":11},"end":{"line":9,"column":48}},"type":"binary-expr","locations":[{"start":{"line":9,"column":11},"end":{"line":9,"column":42}},{"start":{"line":9,"column":46},"end":{"line":9,"column":48}}],"line":9},"1":{"loc":{"start":{"line":18,"column":11},"end":{"line":18,"column":39}},"type":"cond-expr","locations":[{"start":{"line":18,"column":17},"end":{"line":18,"column":32}},{"start":{"line":18,"column":35},"end":{"line":18,"column":39}}],"line":18},"2":{"loc":{"start":{"line":31,"column":25},"end":{"line":31,"column":55}},"type":"binary-expr","locations":[{"start":{"line":31,"column":25},"end":{"line":31,"column":49}},{"start":{"line":31,"column":53},"end":{"line":31,"column":55}}],"line":31},"3":{"loc":{"start":{"line":32,"column":25},"end":{"line":32,"column":55}},"type":"binary-expr","locations":[{"start":{"line":32,"column":25},"end":{"line":32,"column":49}},{"start":{"line":32,"column":53},"end":{"line":32,"column":55}}],"line":32},"4":{"loc":{"start":{"line":33,"column":25},"end":{"line":33,"column":55}},"type":"binary-expr","locations":[{"start":{"line":33,"column":25},"end":{"line":33,"column":49}},{"start":{"line":33,"column":53},"end":{"line":33,"column":55}}],"line":33},"5":{"loc":{"start":{"line":34,"column":25},"end":{"line":34,"column":55}},"type":"binary-expr","locations":[{"start":{"line":34,"column":25},"end":{"line":34,"column":49}},{"start":{"line":34,"column":53},"end":{"line":34,"column":55}}],"line":34},"6":{"loc":{"start":{"line":39,"column":19},"end":{"line":39,"column":35}},"type":"binary-expr","locations":[{"start":{"line":39,"column":19},"end":{"line":39,"column":29}},{"start":{"line":39,"column":33},"end":{"line":39,"column":35}}],"line":39}},"s":{"0":8,"1":8,"2":7,"3":7,"4":1,"5":7,"6":7,"7":7,"8":1,"9":8,"10":7,"11":2,"12":2,"13":2,"14":2,"15":3,"16":1,"17":1,"18":1,"19":1,"20":1,"21":1,"22":1,"23":1,"24":1,"25":1,"26":1,"27":1,"28":1,"29":1,"30":1,"31":1,"32":1},"f":{"0":7,"1":7,"2":7,"3":2,"4":2,"5":2,"6":2,"7":3,"8":1,"9":1,"10":1},"b":{"0":[7,5],"1":[1,5],"2":[2,1],"3":[2,1],"4":[2,1],"5":[3,1],"6":[1,0]},"meta":{"lastBranch":7,"lastFunction":11,"lastStatement":33,"seen":{"s:4:18:4:31":0,"s:5:17:5:29":1,"f:7:9:7:18":0,"s:8:2:12:3":2,"s:9:4:9:48":3,"b:9:11:9:42:9:46:9:48":0,"s:11:4:11:13":4,"f:15:9:15:17":1,"s:16:2:21:3":5,"s:17:16:17:46":6,"s:18:4:18:39":7,"b:18:17:18:32:18:35:18:39":1,"s:20:4:20:15":8,"s:24:27:82:Infinity":9,"f:25:9:25:10":2,"s:25:16:28:3":10,"f:30:16:30:17":3,"s:30:27:30:40":11,"f:31:14:31:15":4,"s:31:25:31:55":12,"b:31:25:31:49:31:53:31:55":2,"f:32:14:32:15":5,"s:32:25:32:55":13,"b:32:25:32:49:32:53:32:55":3,"f:33:14:33:15":6,"s:33:25:33:55":14,"b:33:25:33:49:33:53:33:55":4,"f:34:14:34:15":7,"s:34:25:34:55":15,"b:34:25:34:49:34:53:34:55":5,"f:37:10:37:15":8,"s:38:19:38:54":16,"s:39:6:39:35":17,"b:39:19:39:29:39:33:39:35":6,"s:40:6:46:7":18,"s:47:6:52:7":19,"s:48:8:48:51":20,"s:49:8:49:69":21,"s:53:6:53:26":22,"f:55:10:55:19":9,"s:56:19:56:39":23,"s:57:6:63:7":24,"s:64:6:68:7":25,"s:65:8:65:69":26,"s:69:6:69:26":27,"f:71:4:71:10":10,"s:72:6:72:21":28,"s:73:6:73:26":29,"s:74:6:79:7":30,"s:75:8:75:42":31,"s:76:8:76:41":32},"fnNames":{}}}
,"D:\\Exercise\\ShiXun\\CloudBrain\\admin\\frontend\\src\\utils\\request.js": {"path":"D:\\Exercise\\ShiXun\\CloudBrain\\admin\\frontend\\src\\utils\\request.js","statementMap":{"0":{"start":{"line":4,"column":18},"end":{"line":4,"column":null}},"1":{"start":{"line":5,"column":17},"end":{"line":5,"column":null}},"2":{"start":{"line":8,"column":2},"end":{"line":12,"column":null}},"3":{"start":{"line":9,"column":4},"end":{"line":9,"column":null}},"4":{"start":{"line":11,"column":4},"end":{"line":11,"column":null}},"5":{"start":{"line":16,"column":2},"end":{"line":21,"column":null}},"6":{"start":{"line":17,"column":4},"end":{"line":17,"column":null}},"7":{"start":{"line":18,"column":4},"end":{"line":18,"column":null}},"8":{"start":{"line":25,"column":2},"end":{"line":25,"column":null}},"9":{"start":{"line":28,"column":16},"end":{"line":34,"column":null}},"10":{"start":{"line":36,"column":0},"end":{"line":45,"column":null}},"11":{"start":{"line":38,"column":18},"end":{"line":38,"column":null}},"12":{"start":{"line":39,"column":4},"end":{"line":41,"column":null}},"13":{"start":{"line":40,"column":6},"end":{"line":40,"column":null}},"14":{"start":{"line":42,"column":4},"end":{"line":42,"column":null}},"15":{"start":{"line":44,"column":13},"end":{"line":44,"column":null}},"16":{"start":{"line":47,"column":0},"end":{"line":76,"column":null}},"17":{"start":{"line":49,"column":19},"end":{"line":49,"column":null}},"18":{"start":{"line":50,"column":4},"end":{"line":62,"column":null}},"19":{"start":{"line":51,"column":6},"end":{"line":53,"column":null}},"20":{"start":{"line":52,"column":8},"end":{"line":52,"column":null}},"21":{"start":{"line":54,"column":6},"end":{"line":59,"column":null}},"22":{"start":{"line":55,"column":8},"end":{"line":55,"column":null}},"23":{"start":{"line":56,"column":8},"end":{"line":56,"column":null}},"24":{"start":{"line":57,"column":8},"end":{"line":57,"column":null}},"25":{"start":{"line":58,"column":8},"end":{"line":58,"column":null}},"26":{"start":{"line":60,"column":6},"end":{"line":60,"column":null}},"27":{"start":{"line":61,"column":6},"end":{"line":61,"column":null}},"28":{"start":{"line":63,"column":4},"end":{"line":63,"column":null}},"29":{"start":{"line":66,"column":19},"end":{"line":66,"column":null}},"30":{"start":{"line":67,"column":4},"end":{"line":73,"column":null}},"31":{"start":{"line":68,"column":6},"end":{"line":68,"column":null}},"32":{"start":{"line":69,"column":6},"end":{"line":69,"column":null}},"33":{"start":{"line":70,"column":6},"end":{"line":70,"column":null}},"34":{"start":{"line":72,"column":6},"end":{"line":72,"column":null}},"35":{"start":{"line":74,"column":4},"end":{"line":74,"column":null}}},"fnMap":{"0":{"name":"getToken","decl":{"start":{"line":7,"column":9},"end":{"line":7,"column":17}},"loc":{"start":{"line":7,"column":20},"end":{"line":13,"column":null}},"line":7},"1":{"name":"clearAuth","decl":{"start":{"line":15,"column":9},"end":{"line":15,"column":18}},"loc":{"start":{"line":15,"column":21},"end":{"line":22,"column":null}},"line":15},"2":{"name":"getLoginRedirectPath","decl":{"start":{"line":24,"column":16},"end":{"line":24,"column":36}},"loc":{"start":{"line":24,"column":39},"end":{"line":26,"column":null}},"line":24},"3":{"name":"(anonymous_3)","decl":{"start":{"line":37,"column":2},"end":{"line":37,"column":3}},"loc":{"start":{"line":37,"column":14},"end":{"line":43,"column":3}},"line":37},"4":{"name":"(anonymous_4)","decl":{"start":{"line":44,"column":2},"end":{"line":44,"column":3}},"loc":{"start":{"line":44,"column":13},"end":{"line":44,"column":null}},"line":44},"5":{"name":"(anonymous_5)","decl":{"start":{"line":48,"column":2},"end":{"line":48,"column":3}},"loc":{"start":{"line":48,"column":16},"end":{"line":64,"column":3}},"line":48},"6":{"name":"(anonymous_6)","decl":{"start":{"line":65,"column":2},"end":{"line":65,"column":3}},"loc":{"start":{"line":65,"column":13},"end":{"line":75,"column":null}},"line":65}},"branchMap":{"0":{"loc":{"start":{"line":9,"column":11},"end":{"line":9,"column":null}},"type":"binary-expr","locations":[{"start":{"line":9,"column":11},"end":{"line":9,"column":42}},{"start":{"line":9,"column":46},"end":{"line":9,"column":null}}],"line":9},"1":{"loc":{"start":{"line":25,"column":9},"end":{"line":25,"column":null}},"type":"cond-expr","locations":[{"start":{"line":25,"column":32},"end":{"line":25,"column":42}},{"start":{"line":25,"column":45},"end":{"line":25,"column":null}}],"line":25},"2":{"loc":{"start":{"line":39,"column":4},"end":{"line":41,"column":null}},"type":"if","locations":[{"start":{"line":39,"column":4},"end":{"line":41,"column":null}},{"start":{},"end":{}}],"line":39},"3":{"loc":{"start":{"line":50,"column":4},"end":{"line":62,"column":null}},"type":"if","locations":[{"start":{"line":50,"column":4},"end":{"line":62,"column":null}},{"start":{},"end":{}}],"line":50},"4":{"loc":{"start":{"line":50,"column":8},"end":{"line":50,"column":64}},"type":"binary-expr","locations":[{"start":{"line":50,"column":8},"end":{"line":50,"column":14}},{"start":{"line":50,"column":18},"end":{"line":50,"column":44}},{"start":{"line":50,"column":48},"end":{"line":50,"column":64}}],"line":50},"5":{"loc":{"start":{"line":51,"column":6},"end":{"line":53,"column":null}},"type":"if","locations":[{"start":{"line":51,"column":6},"end":{"line":53,"column":null}},{"start":{},"end":{}}],"line":51},"6":{"loc":{"start":{"line":54,"column":6},"end":{"line":59,"column":null}},"type":"if","locations":[{"start":{"line":54,"column":6},"end":{"line":59,"column":null}},{"start":{},"end":{}}],"line":54},"7":{"loc":{"start":{"line":56,"column":24},"end":{"line":56,"column":55}},"type":"binary-expr","locations":[{"start":{"line":56,"column":24},"end":{"line":56,"column":38}},{"start":{"line":56,"column":42},"end":{"line":56,"column":55}}],"line":56},"8":{"loc":{"start":{"line":58,"column":40},"end":{"line":58,"column":63}},"type":"binary-expr","locations":[{"start":{"line":58,"column":40},"end":{"line":58,"column":54}},{"start":{"line":58,"column":58},"end":{"line":58,"column":63}}],"line":58},"9":{"loc":{"start":{"line":60,"column":22},"end":{"line":60,"column":46}},"type":"binary-expr","locations":[{"start":{"line":60,"column":22},"end":{"line":60,"column":36}},{"start":{"line":60,"column":40},"end":{"line":60,"column":46}}],"line":60},"10":{"loc":{"start":{"line":61,"column":38},"end":{"line":61,"column":62}},"type":"binary-expr","locations":[{"start":{"line":61,"column":38},"end":{"line":61,"column":52}},{"start":{"line":61,"column":56},"end":{"line":61,"column":62}}],"line":61},"11":{"loc":{"start":{"line":67,"column":4},"end":{"line":73,"column":null}},"type":"if","locations":[{"start":{"line":67,"column":4},"end":{"line":73,"column":null}},{"start":{"line":71,"column":11},"end":{"line":73,"column":null}}],"line":67},"12":{"loc":{"start":{"line":72,"column":22},"end":{"line":72,"column":51}},"type":"binary-expr","locations":[{"start":{"line":72,"column":22},"end":{"line":72,"column":35}},{"start":{"line":72,"column":39},"end":{"line":72,"column":51}}],"line":72}},"s":{"0":14,"1":14,"2":4,"3":4,"4":1,"5":5,"6":5,"7":5,"8":7,"9":14,"10":14,"11":4,"12":4,"13":1,"14":4,"15":1,"16":14,"17":9,"18":9,"19":7,"20":1,"21":6,"22":4,"23":4,"24":4,"25":4,"26":2,"27":7,"28":2,"29":3,"30":3,"31":1,"32":1,"33":1,"34":2,"35":3},"f":{"0":4,"1":5,"2":7,"3":4,"4":1,"5":9,"6":3},"b":{"0":[4,2],"1":[3,4],"2":[1,3],"3":[7,2],"4":[9,9,8],"5":[1,6],"6":[4,2],"7":[4,1],"8":[4,1],"9":[2,1],"10":[7,1],"11":[1,2],"12":[2,1]},"meta":{"lastBranch":13,"lastFunction":7,"lastStatement":36,"seen":{"s:4:18:4:Infinity":0,"s:5:17:5:Infinity":1,"f:7:9:7:17":0,"s:8:2:12:Infinity":2,"s:9:4:9:Infinity":3,"b:9:11:9:42:9:46:9:Infinity":0,"s:11:4:11:Infinity":4,"f:15:9:15:18":1,"s:16:2:21:Infinity":5,"s:17:4:17:Infinity":6,"s:18:4:18:Infinity":7,"f:24:16:24:36":2,"s:25:2:25:Infinity":8,"b:25:32:25:42:25:45:25:Infinity":1,"s:28:16:34:Infinity":9,"s:36:0:45:Infinity":10,"f:37:2:37:3":3,"s:38:18:38:Infinity":11,"b:39:4:41:Infinity:undefined:undefined:undefined:undefined":2,"s:39:4:41:Infinity":12,"s:40:6:40:Infinity":13,"s:42:4:42:Infinity":14,"f:44:2:44:3":4,"s:44:13:44:Infinity":15,"s:47:0:76:Infinity":16,"f:48:2:48:3":5,"s:49:19:49:Infinity":17,"b:50:4:62:Infinity:undefined:undefined:undefined:undefined":3,"s:50:4:62:Infinity":18,"b:50:8:50:14:50:18:50:44:50:48:50:64":4,"b:51:6:53:Infinity:undefined:undefined:undefined:undefined":5,"s:51:6:53:Infinity":19,"s:52:8:52:Infinity":20,"b:54:6:59:Infinity:undefined:undefined:undefined:undefined":6,"s:54:6:59:Infinity":21,"s:55:8:55:Infinity":22,"s:56:8:56:Infinity":23,"b:56:24:56:38:56:42:56:55":7,"s:57:8:57:Infinity":24,"s:58:8:58:Infinity":25,"b:58:40:58:54:58:58:58:63":8,"s:60:6:60:Infinity":26,"b:60:22:60:36:60:40:60:46":9,"s:61:6:61:Infinity":27,"b:61:38:61:52:61:56:61:62":10,"s:63:4:63:Infinity":28,"f:65:2:65:3":6,"s:66:19:66:Infinity":29,"b:67:4:73:Infinity:71:11:73:Infinity":11,"s:67:4:73:Infinity":30,"s:68:6:68:Infinity":31,"s:69:6:69:Infinity":32,"s:70:6:70:Infinity":33,"s:72:6:72:Infinity":34,"b:72:22:72:35:72:39:72:51":12,"s:74:4:74:Infinity":35},"fnNames":{}}}
}
